[ec2-user@ip-172-31-46-64 ~]$ docker logs edgengine -f
✅ Credentials loaded from AWS Secrets Manager
2026-05-28T04:03:53.196324643Z [INFO] EDGENGINE-001.TradingNode: =================================================================
2026-05-28T04:03:53.196340526Z [INFO] EDGENGINE-001.TradingNode:  NAUTILUS TRADER - Automated Algorithmic Trading Platform
2026-05-28T04:03:53.196341527Z [INFO] EDGENGINE-001.TradingNode:  by Nautech Systems Pty Ltd.
2026-05-28T04:03:53.196341947Z [INFO] EDGENGINE-001.TradingNode:  Copyright (C) 2015-2026. All rights reserved.
2026-05-28T04:03:53.196342366Z [INFO] EDGENGINE-001.TradingNode: =================================================================
2026-05-28T04:03:53.196342936Z [INFO] EDGENGINE-001.TradingNode:
2026-05-28T04:03:53.196343286Z [INFO] EDGENGINE-001.TradingNode: ⠀⠀⠀⠀⠀⠀⠀⠀⠀⠀⠀⠀⠀⣠⣴⣶⡟⠀⠀⠀⠀⠀⠀⠀⠀⠀⠀⠀⠀⠀⠀
2026-05-28T04:03:53.196343784Z [INFO] EDGENGINE-001.TradingNode: ⠀⠀⠀⠀⠀⠀⠀⠀⠀⠀⠀⣰⣾⣿⣿⣿⠀⢸⣿⣿⣿⣿⣶⣶⣤⣀⠀⠀⠀⠀⠀
2026-05-28T04:03:53.196344295Z [INFO] EDGENGINE-001.TradingNode: ⠀⠀⠀⠀⠀⠀⢀⣴⡇⢀⣾⣿⣿⣿⣿⣿⠀⣾⣿⣿⣿⣿⣿⣿⣿⠿⠓⠀⠀⠀⠀
2026-05-28T04:03:53.196344831Z [INFO] EDGENGINE-001.TradingNode: ⠀⠀⠀⠀⠀⣰⣿⣿⡀⢸⣿⣿⣿⣿⣿⣿⠀⣿⣿⣿⣿⣿⣿⠟⠁⣠⣄⠀⠀⠀⠀
2026-05-28T04:03:53.196345288Z [INFO] EDGENGINE-001.TradingNode: ⠀⠀⠀⠀⢠⣿⣿⣿⣇⠀⢿⣿⣿⣿⣿⣿⠀⢻⣿⣿⣿⡿⢃⣠⣾⣿⣿⣧⡀⠀⠀
2026-05-28T04:03:53.196345856Z [INFO] EDGENGINE-001.TradingNode: ⠀⠀⠀⠠⣾⣿⣿⣿⣿⣿⣧⠈⠋⢀⣴⣧⠀⣿⡏⢠⡀⢸⣿⣿⣿⣿⣿⣿⣿⡇⠀
2026-05-28T04:03:53.196346268Z [INFO] EDGENGINE-001.TradingNode: ⠀⠀⠀⣀⠙⢿⣿⣿⣿⣿⣿⠇⢠⣿⣿⣿⡄⠹⠃⠼⠃⠈⠉⠛⠛⠛⠛⠛⠻⠇⠀
2026-05-28T04:03:53.196347589Z [INFO] EDGENGINE-001.TradingNode: ⠀⠀⢸⡟⢠⣤⠉⠛⠿⢿⣿⠀⢸⣿⡿⠋⣠⣤⣄⠀⣾⣿⣿⣶⣶⣶⣦⡄⠀⠀⠀
2026-05-28T04:03:53.196349326Z [INFO] EDGENGINE-001.TradingNode: ⠀⠀⠸⠀⣾⠏⣸⣷⠂⣠⣤⠀⠘⢁⣴⣾⣿⣿⣿⡆⠘⣿⣿⣿⣿⣿⣿⠀⠀⠀⠀
2026-05-28T04:03:53.196349641Z [INFO] EDGENGINE-001.TradingNode: ⠀⠀⠀⠀⠛⠀⣿⡟⠀⢻⣿⡄⠸⣿⣿⣿⣿⣿⣿⣿⡀⠘⣿⣿⣿⣿⠟⠀⠀⠀⠀
2026-05-28T04:03:53.196350024Z [INFO] EDGENGINE-001.TradingNode: ⠀⠀⠀⠀⠀⠀⣿⠇⠀⠀⢻⡿⠀⠈⠻⣿⣿⣿⣿⣿⡇⠀⢹⣿⠿⠋⠀⠀⠀⠀⠀
2026-05-28T04:03:53.196350511Z [INFO] EDGENGINE-001.TradingNode: ⠀⠀⠀⠀⠀⠀⠋⠀⠀⠀⡘⠁⠀⠀⠀⠀⠀⠀⠀⠀⠀⠀⠈⠁⠀⠀⠀⠀⠀⠀⠀
2026-05-28T04:03:53.196350914Z [INFO] EDGENGINE-001.TradingNode:
2026-05-28T04:03:53.196351184Z [INFO] EDGENGINE-001.TradingNode: =================================================================
2026-05-28T04:03:53.196351713Z [INFO] EDGENGINE-001.TradingNode:  SYSTEM SPECIFICATION
2026-05-28T04:03:53.196352057Z [INFO] EDGENGINE-001.TradingNode: =================================================================
2026-05-28T04:03:53.196353947Z [INFO] EDGENGINE-001.TradingNode: CPU architecture: Intel(R) Xeon(R) Platinum 8259CL CPU @ 2.50GHz
2026-05-28T04:03:53.196363797Z [INFO] EDGENGINE-001.TradingNode: CPU(s): 2 @ 2499 MHz
2026-05-28T04:03:53.197229529Z [INFO] EDGENGINE-001.TradingNode: OS: kernel-6.1.153-175.280.amzn2023.x86_64 Linux (Debian GNU/Linux 13)
2026-05-28T04:03:53.198049201Z [INFO] EDGENGINE-001.TradingNode: =================================================================
2026-05-28T04:03:53.198052330Z [INFO] EDGENGINE-001.TradingNode:  MEMORY USAGE
2026-05-28T04:03:53.198052926Z [INFO] EDGENGINE-001.TradingNode: =================================================================
2026-05-28T04:03:53.198056959Z [INFO] EDGENGINE-001.TradingNode: RAM-Total: 0.88 GiB
2026-05-28T04:03:53.198058775Z [INFO] EDGENGINE-001.TradingNode: RAM-Used: 0.82 GiB (92.46%)
2026-05-28T04:03:53.198060464Z [INFO] EDGENGINE-001.TradingNode: RAM-Avail: 0.07 GiB (7.54%)
2026-05-28T04:03:53.198062124Z [INFO] EDGENGINE-001.TradingNode: Swap: disabled
2026-05-28T04:03:53.198869612Z [INFO] EDGENGINE-001.TradingNode: =================================================================
2026-05-28T04:03:53.198877415Z [INFO] EDGENGINE-001.TradingNode:  IDENTIFIERS
2026-05-28T04:03:53.198878001Z [INFO] EDGENGINE-001.TradingNode: =================================================================
2026-05-28T04:03:53.198879723Z [INFO] EDGENGINE-001.TradingNode: trader_id: EDGENGINE-001
2026-05-28T04:03:53.199767686Z [INFO] EDGENGINE-001.TradingNode: machine_id: 7104c2a2843f
2026-05-28T04:03:53.199776158Z [INFO] EDGENGINE-001.TradingNode: instance_id: 6491c14f-568d-4c2e-9915-aa0e7f66d7d5
2026-05-28T04:03:53.199778145Z [INFO] EDGENGINE-001.TradingNode: PID: 1
2026-05-28T04:03:53.199778709Z [INFO] EDGENGINE-001.TradingNode: =================================================================
2026-05-28T04:03:53.199779436Z [INFO] EDGENGINE-001.TradingNode:  VERSIONING
2026-05-28T04:03:53.199779913Z [INFO] EDGENGINE-001.TradingNode: =================================================================
2026-05-28T04:03:53.199827920Z [INFO] EDGENGINE-001.TradingNode: nautilus_trader: 1.227.0
2026-05-28T04:03:53.200691561Z [INFO] EDGENGINE-001.TradingNode: python: 3.12.13
2026-05-28T04:03:53.200728691Z [INFO] EDGENGINE-001.TradingNode: numpy: 2.4.6
2026-05-28T04:03:53.200734151Z [INFO] EDGENGINE-001.TradingNode: pandas: 2.3.3
2026-05-28T04:03:53.200739042Z [INFO] EDGENGINE-001.TradingNode: msgspec: 0.21.1
2026-05-28T04:03:53.200743846Z [INFO] EDGENGINE-001.TradingNode: pyarrow: 24.0.0
2026-05-28T04:03:53.200749396Z [INFO] EDGENGINE-001.TradingNode: pytz: 2026.2
2026-05-28T04:03:53.200753463Z [INFO] EDGENGINE-001.TradingNode: uvloop: 0.22.1
2026-05-28T04:03:53.200753966Z [INFO] EDGENGINE-001.TradingNode: =================================================================
2026-05-28T04:03:53.207411286Z [INFO] EDGENGINE-001.TradingNode: Building system kernel
2026-05-28T04:03:53.209482680Z [INFO] EDGENGINE-001.MessageBus: config.database=None
2026-05-28T04:03:53.209497004Z [INFO] EDGENGINE-001.MessageBus: config.encoding='msgpack'
2026-05-28T04:03:53.209500777Z [INFO] EDGENGINE-001.MessageBus: config.timestamps_as_iso8601=False
2026-05-28T04:03:53.209503107Z [INFO] EDGENGINE-001.MessageBus: config.buffer_interval_ms=None
2026-05-28T04:03:53.209505664Z [INFO] EDGENGINE-001.MessageBus: config.autotrim_mins=None
2026-05-28T04:03:53.209508282Z [INFO] EDGENGINE-001.MessageBus: config.use_trader_prefix=True
2026-05-28T04:03:53.209511587Z [INFO] EDGENGINE-001.MessageBus: config.use_trader_id=True
2026-05-28T04:03:53.209513812Z [INFO] EDGENGINE-001.MessageBus: config.use_instance_id=False
2026-05-28T04:03:53.209516157Z [INFO] EDGENGINE-001.MessageBus: config.streams_prefix='stream'
2026-05-28T04:03:53.209518380Z [INFO] EDGENGINE-001.MessageBus: config.types_filter=None
2026-05-28T04:03:53.210805880Z [INFO] EDGENGINE-001.Cache: READY
2026-05-28T04:03:53.237638970Z [INFO] EDGENGINE-001.DataEngine: READY
2026-05-28T04:03:53.242102384Z [INFO] EDGENGINE-001.DataEngine: config.graceful_shutdown_on_exception=False
2026-05-28T04:03:53.242282458Z [INFO] EDGENGINE-001.RiskEngine: READY
2026-05-28T04:03:53.251712258Z [INFO] EDGENGINE-001.RiskEngine: TradingState is ACTIVE
2026-05-28T04:03:53.258124192Z [INFO] EDGENGINE-001.Throttler-ORDER_SUBMIT_THROTTLER: READY
2026-05-28T04:03:53.258939167Z [INFO] EDGENGINE-001.RiskEngine: Set MAX_ORDER_SUBMIT_RATE: 100/00:00:01
2026-05-28T04:03:53.259136652Z [INFO] EDGENGINE-001.Throttler-ORDER_MODIFY_THROTTLER: READY
2026-05-28T04:03:53.259169412Z [INFO] EDGENGINE-001.RiskEngine: Set MAX_ORDER_MODIFY_RATE: 100/00:00:01
2026-05-28T04:03:53.259352257Z [INFO] EDGENGINE-001.RiskEngine: config.graceful_shutdown_on_exception=False
2026-05-28T04:03:53.259491947Z [INFO] EDGENGINE-001.ExecEngine: READY
2026-05-28T04:03:53.259625582Z [INFO] EDGENGINE-001.ExecEngine: config.snapshot_orders=False
2026-05-28T04:03:53.259635320Z [INFO] EDGENGINE-001.ExecEngine: config.snapshot_positions=False
2026-05-28T04:03:53.259637994Z [INFO] EDGENGINE-001.ExecEngine: config.snapshot_positions_interval_secs=None
2026-05-28T04:03:53.259640371Z [INFO] EDGENGINE-001.ExecEngine: config.allow_overfills=False
2026-05-28T04:03:53.259853349Z [INFO] EDGENGINE-001.ExecEngine: config.reconciliation=False
2026-05-28T04:03:53.259863932Z [INFO] EDGENGINE-001.ExecEngine: config.reconciliation_lookback_mins=None
2026-05-28T04:03:53.259866758Z [INFO] EDGENGINE-001.ExecEngine: config.reconciliation_instrument_ids=None
2026-05-28T04:03:53.259869398Z [INFO] EDGENGINE-001.ExecEngine: config.filter_unclaimed_external_orders=False
2026-05-28T04:03:53.259872411Z [INFO] EDGENGINE-001.ExecEngine: config.filter_position_reports=False
2026-05-28T04:03:53.259875956Z [INFO] EDGENGINE-001.ExecEngine: config.filtered_client_order_ids=None
2026-05-28T04:03:53.259878626Z [INFO] EDGENGINE-001.ExecEngine: config.inflight_check_interval_ms=2000
2026-05-28T04:03:53.259881257Z [INFO] EDGENGINE-001.ExecEngine: config.inflight_check_threshold_ms=5000
2026-05-28T04:03:53.259883954Z [INFO] EDGENGINE-001.ExecEngine: config.inflight_check_retries=5
2026-05-28T04:03:53.259886252Z [INFO] EDGENGINE-001.ExecEngine: config.own_books_audit_interval_secs=None
2026-05-28T04:03:53.259990845Z [INFO] EDGENGINE-001.ExecEngine: config.open_check_interval_secs=None
2026-05-28T04:03:53.259995191Z [INFO] EDGENGINE-001.ExecEngine: config.open_check_open_only=True
2026-05-28T04:03:53.259998221Z [INFO] EDGENGINE-001.ExecEngine: config.open_check_lookback_mins=60
2026-05-28T04:03:53.260000881Z [INFO] EDGENGINE-001.ExecEngine: config.open_check_threshold_ms=5000
2026-05-28T04:03:53.260003707Z [INFO] EDGENGINE-001.ExecEngine: config.open_check_missing_retries=5
2026-05-28T04:03:53.260006749Z [INFO] EDGENGINE-001.ExecEngine: config.max_single_order_queries_per_cycle=10
2026-05-28T04:03:53.260040882Z [INFO] EDGENGINE-001.ExecEngine: config.single_order_query_delay_ms=100
2026-05-28T04:03:53.260044118Z [INFO] EDGENGINE-001.ExecEngine: config.position_check_interval_secs=None
2026-05-28T04:03:53.260096704Z [INFO] EDGENGINE-001.ExecEngine: config.position_check_lookback_mins=60
2026-05-28T04:03:53.260101240Z [INFO] EDGENGINE-001.ExecEngine: config.position_check_threshold_ms=5000
2026-05-28T04:03:53.260139576Z [INFO] EDGENGINE-001.ExecEngine: config.position_check_retries=3
2026-05-28T04:03:53.260821329Z [INFO] EDGENGINE-001.ExecEngine: config.reconciliation_startup_delay_secs=10.0
2026-05-28T04:03:53.260837968Z [INFO] EDGENGINE-001.ExecEngine: config.purge_closed_orders_interval_mins=None
2026-05-28T04:03:53.260841201Z [INFO] EDGENGINE-001.ExecEngine: config.purge_closed_orders_buffer_mins=None
2026-05-28T04:03:53.260845031Z [INFO] EDGENGINE-001.ExecEngine: config.purge_closed_positions_interval_mins=None
2026-05-28T04:03:53.260847408Z [INFO] EDGENGINE-001.ExecEngine: config.purge_closed_positions_buffer_mins=None
2026-05-28T04:03:53.260849833Z [INFO] EDGENGINE-001.ExecEngine: config.purge_account_events_interval_mins=None
2026-05-28T04:03:53.260852161Z [INFO] EDGENGINE-001.ExecEngine: config.purge_account_events_lookback_mins=None
2026-05-28T04:03:53.260854884Z [INFO] EDGENGINE-001.ExecEngine: config.purge_from_database=False
2026-05-28T04:03:53.260857957Z [INFO] EDGENGINE-001.ExecEngine: config.graceful_shutdown_on_exception=False
2026-05-28T04:03:53.265434056Z [INFO] EDGENGINE-001.Cache: Cached 0 general objects from database
2026-05-28T04:03:53.265453864Z [INFO] EDGENGINE-001.Cache: Cached 0 currencies from database
2026-05-28T04:03:53.265461120Z [INFO] EDGENGINE-001.Cache: Cached 0 instruments from database
2026-05-28T04:03:53.265468833Z [INFO] EDGENGINE-001.Cache: Cached 0 accounts from database
2026-05-28T04:03:53.265610856Z [INFO] EDGENGINE-001.Cache: Cached 0 orders from database
2026-05-28T04:03:53.266394474Z [INFO] EDGENGINE-001.Cache: Cached 0 order lists from database
2026-05-28T04:03:53.266413314Z [INFO] EDGENGINE-001.Cache: Cached 0 positions from database
2026-05-28T04:03:53.266450972Z [INFO] EDGENGINE-001.Cache: Checking data integrity
2026-05-28T04:03:53.266500500Z [INFO] EDGENGINE-001.Cache: Integrity check passed in 27μs
2026-05-28T04:03:53.267143383Z [INFO] EDGENGINE-001.ExecEngine: Loaded cache in 5ms
2026-05-28T04:03:53.269948585Z [INFO] EDGENGINE-001.OrderEmulator: READY
2026-05-28T04:03:53.271502261Z [INFO] EDGENGINE-001.EDGENGINE-001: READY
2026-05-28T04:03:53.271695638Z [INFO] EDGENGINE-001.TradingNode: Initialized in 110ms
2026-05-28T04:03:53.271784492Z [INFO] EDGENGINE-001.TradingNode: has_cache_backing=False
2026-05-28T04:03:53.271797167Z [INFO] EDGENGINE-001.TradingNode: has_msgbus_backing=False
2026-05-28T04:03:53.273568746Z [INFO] EDGENGINE-001.DonchianRegimeStrategy: READY
2026-05-28T04:03:53.274377078Z [INFO] EDGENGINE-001.ExecEngine: Registered OMS.UNSPECIFIED for Strategy DonchianRegimeStrategy-000
2026-05-28T04:03:53.274394933Z [INFO] EDGENGINE-001.EDGENGINE-001: Registered Strategy DonchianRegimeStrategy-000
2026-05-28T04:03:53.274489872Z [INFO] EDGENGINE-001.TradingNode: Building data client for BINANCE
2026-05-28T04:03:53.422840787Z [INFO] EDGENGINE-001.BinanceSpotInstrumentProvider: READY
2026-05-28T04:03:53.427246685Z [INFO] EDGENGINE-001.DataClient-BINANCE: READY
2026-05-28T04:03:53.427433651Z [INFO] EDGENGINE-001.DataClient-BINANCE: Account type: SPOT
2026-05-28T04:03:53.427497309Z [INFO] EDGENGINE-001.DataClient-BINANCE: config.update_instruments_interval_mins=60
2026-05-28T04:03:53.427507023Z [INFO] EDGENGINE-001.DataClient-BINANCE: config.use_agg_trade_ticks=False
2026-05-28T04:03:53.427557502Z [INFO] EDGENGINE-001.DataClient-BINANCE: Base url HTTP https://api.binance.com
2026-05-28T04:03:53.427560572Z [INFO] EDGENGINE-001.DataClient-BINANCE: Base url WebSocket wss://stream.binance.com:9443
2026-05-28T04:03:53.429077508Z [INFO] EDGENGINE-001.DataEngine: Registered BINANCE
2026-05-28T04:03:53.429651302Z [WARN] EDGENGINE-001.TradingNode: No `exec_clients` configuration found
2026-05-28T04:03:53.432923110Z [INFO] EDGENGINE-001.TradingNode: STARTING
2026-05-28T04:03:53.433921604Z [INFO] EDGENGINE-001.DataClient-BINANCE: RUNNING
2026-05-28T04:03:53.434049419Z [INFO] EDGENGINE-001.DataEngine: RUNNING
2026-05-28T04:03:53.434214382Z [INFO] EDGENGINE-001.RiskEngine: RUNNING
2026-05-28T04:03:53.434309528Z [INFO] EDGENGINE-001.ExecEngine: Started reconciliation task
2026-05-28T04:03:53.434336582Z [INFO] EDGENGINE-001.ExecEngine: RUNNING
2026-05-28T04:03:53.434352542Z [INFO] EDGENGINE-001.DataEngine: Connecting all clients...
2026-05-28T04:03:53.434447088Z [INFO] EDGENGINE-001.DataClient-BINANCE: Connecting...
2026-05-28T04:03:53.434647982Z [WARN] EDGENGINE-001.ExecEngine: No clients to connect
2026-05-28T04:03:53.435375981Z [INFO] EDGENGINE-001.TradingNode: Awaiting engine connections and initializations (30.0s timeout)...
2026-05-28T04:03:53.455601285Z [INFO] EDGENGINE-001.ExecEngine: Starting continuous reconciliation with intervals: inflight=2000ms, consistency=Nones, position=Nones
2026-05-28T04:03:53.455624501Z [INFO] EDGENGINE-001.ExecEngine: Startup reconciliation disabled, proceeding with continuous checks
2026-05-28T04:03:53.455754155Z [INFO] EDGENGINE-001.BinanceSpotInstrumentProvider: Initializing instruments...
2026-05-28T04:03:53.455785714Z [INFO] EDGENGINE-001.BinanceSpotInstrumentProvider: Loading instruments: BTCUSDT.BINANCE...
2026-05-28T04:03:53.829514459Z [INFO] EDGENGINE-001.BinanceSpotInstrumentProvider: Loaded 1 instruments
2026-05-28T04:03:53.829539492Z [INFO] EDGENGINE-001.BinanceSpotInstrumentProvider: Initialized instruments
2026-05-28T04:03:53.829886338Z [INFO] EDGENGINE-001.DataClient-BINANCE: Connected
2026-05-28T04:03:53.829949472Z [WARN] EDGENGINE-001.TradingNode: Reconciliation deactivated
2026-05-28T04:03:53.829976804Z [INFO] EDGENGINE-001.OrderEmulator: No emulated orders to reactivate
2026-05-28T04:03:53.830023634Z [INFO] EDGENGINE-001.OrderEmulator: RUNNING
2026-05-28T04:03:53.831160234Z [INFO] EDGENGINE-001.Portfolio: Initialized 0 open orders
2026-05-28T04:03:53.831183313Z [INFO] EDGENGINE-001.Portfolio: Initialized 0 open positions
2026-05-28T04:03:53.831201650Z [INFO] EDGENGINE-001.TradingNode: Awaiting portfolio initialization (10.0s timeout)...
2026-05-28T04:03:53.835461740Z [INFO] EDGENGINE-001.TradingNode: Portfolio initialized
2026-05-28T04:03:53.835511349Z [INFO] EDGENGINE-001.DonchianRegimeStrategy: self.config.oms_type=None
2026-05-28T04:03:53.835515032Z [INFO] EDGENGINE-001.DonchianRegimeStrategy: self.config.external_order_claims=None
2026-05-28T04:03:53.835517982Z [INFO] EDGENGINE-001.DonchianRegimeStrategy: self.config.manage_gtd_expiry=False
2026-05-28T04:03:53.836342316Z [INFO] EDGENGINE-001.DonchianRegimeStrategy: Set ClientOrderIdGenerator client_order_id count to 0
2026-05-28T04:03:53.836353268Z [INFO] EDGENGINE-001.DonchianRegimeStrategy: Set ClientOrderIdGenerator order_list_id count to 0
2026-05-28T04:03:53.836386540Z [INFO] EDGENGINE-001.DonchianRegimeStrategy: Connecting to Redis at redis:6379 ...
2026-05-28T04:03:53.852667578Z [INFO] EDGENGINE-001.DonchianRegimeStrategy: ✅ Redis connection OK (redis:6379)
2026-05-28T04:03:53.852725345Z [INFO] EDGENGINE-001.DonchianRegimeStrategy: Requesting ~55 historical bars (start=2025-02-13) to warm up Donchian indicator ...
2026-05-28T04:03:53.865389184Z [INFO] EDGENGINE-001.DonchianRegimeStrategy: [REQ]--> RequestBars(bar_type=BTCUSDT.BINANCE-1-WEEK-LAST-EXTERNAL, start=2025-02-13 04:03:53.852692+00:00, end=2026-05-28 04:03:53.853734612+00:00, limit=0, client_id=None, venue=BINANCE, data_type=Bar, params={'update_catalog': False, 'join_request': False})
2026-05-28T04:03:53.866164196Z [INFO] EDGENGINE-001.DonchianRegimeStrategy: [CMD]--> SubscribeBars(bar_type=BTCUSDT.BINANCE-1-WEEK-LAST-EXTERNAL, client_id=None, venue=BINANCE)
2026-05-28T04:03:53.866208405Z [INFO] EDGENGINE-001.DonchianRegimeStrategy: Donchian Regime Strategy started for BTCUSDT.BINANCE | Donchian=20, MA(EMA)=50, use_close=True
2026-05-28T04:03:53.866314109Z [INFO] EDGENGINE-001.DonchianRegimeStrategy: RUNNING
2026-05-28T04:03:53.866384911Z [INFO] EDGENGINE-001.EDGENGINE-001: RUNNING
2026-05-28T04:03:53.866418414Z [INFO] EDGENGINE-001.TradingNode: RUNNING
2026-05-28T04:03:53.899064743Z [INFO] EDGENGINE-001.DataClient-BINANCE: Request BTCUSDT.BINANCE-1-WEEK-LAST-EXTERNAL bars from 2025-02-13T04:03:53.852692000Z to 2026-05-28T04:03:53.853734612Z
2026-05-28T04:03:54.063337782Z [INFO] EDGENGINE-001.DonchianRegimeStrategy: on_historical_data called | type=BinanceBar | data=BTCUSDT.BINANCE-1-WEEK-LAST-EXTERNAL,96118.12000000,99475.00000000,93388.09000000,96258.00000000,127758.44873000,1740355
2026-05-28T04:03:54.064874188Z [INFO] EDGENGINE-001.DonchianRegimeStrategy: on_historical_data called | type=BinanceBar | data=BTCUSDT.BINANCE-1-WEEK-LAST-EXTERNAL,96258.00000000,96500.00000000,78258.52000000,94270.00000000,373604.39736000,1740959
2026-05-28T04:03:54.065140367Z [INFO] EDGENGINE-001.DonchianRegimeStrategy: on_historical_data called | type=BinanceBar | data=BTCUSDT.BINANCE-1-WEEK-LAST-EXTERNAL,94269.99000000,94416.46000000,80000.00000000,80734.37000000,284471.65101000,1741564
2026-05-28T04:03:54.065184575Z [INFO] EDGENGINE-001.DonchianRegimeStrategy: on_historical_data called | type=BinanceBar | data=BTCUSDT.BINANCE-1-WEEK-LAST-EXTERNAL,80734.48000000,85309.71000000,76606.00000000,82574.53000000,211663.09876000,1742169
2026-05-28T04:03:54.065218673Z [INFO] EDGENGINE-001.DonchianRegimeStrategy: on_historical_data called | type=BinanceBar | data=BTCUSDT.BINANCE-1-WEEK-LAST-EXTERNAL,82574.52000000,87453.67000000,81134.66000000,86082.50000000,110906.17448000,1742774
2026-05-28T04:03:54.065250060Z [INFO] EDGENGINE-001.DonchianRegimeStrategy: on_historical_data called | type=BinanceBar | data=BTCUSDT.BINANCE-1-WEEK-LAST-EXTERNAL,86082.50000000,88765.43000000,81565.00000000,82389.99000000,137009.32282000,1743379
2026-05-28T04:03:54.065320265Z [INFO] EDGENGINE-001.DonchianRegimeStrategy: on_historical_data called | type=BinanceBar | data=BTCUSDT.BINANCE-1-WEEK-LAST-EXTERNAL,82390.00000000,88500.00000000,77153.83000000,78430.00000000,178247.49297000,1743983
2026-05-28T04:03:54.065362750Z [INFO] EDGENGINE-001.DonchianRegimeStrategy: on_historical_data called | type=BinanceBar | data=BTCUSDT.BINANCE-1-WEEK-LAST-EXTERNAL,78430.00000000,86100.00000000,74508.00000000,83760.00000000,300064.17057000,1744588
2026-05-28T04:03:54.065393111Z [INFO] EDGENGINE-001.DonchianRegimeStrategy: on_historical_data called | type=BinanceBar | data=BTCUSDT.BINANCE-1-WEEK-LAST-EXTERNAL,83760.00000000,86496.42000000,83111.64000000,85179.24000000,108454.40360000,1745193
2026-05-28T04:03:54.065426352Z [INFO] EDGENGINE-001.DonchianRegimeStrategy: on_historical_data called | type=BinanceBar | data=BTCUSDT.BINANCE-1-WEEK-LAST-EXTERNAL,85179.24000000,95758.04000000,85144.76000000,93749.30000000,170625.92469000,1745798
2026-05-28T04:03:54.065460787Z [INFO] EDGENGINE-001.DonchianRegimeStrategy: on_historical_data called | type=BinanceBar | data=BTCUSDT.BINANCE-1-WEEK-LAST-EXTERNAL,93749.29000000,97895.68000000,92800.01000000,94277.62000000,113820.08215000,1746403
2026-05-28T04:03:54.065488872Z [INFO] EDGENGINE-001.DonchianRegimeStrategy: on_historical_data called | type=BinanceBar | data=BTCUSDT.BINANCE-1-WEEK-LAST-EXTERNAL,94277.61000000,104984.57000000,93377.00000000,104118.00000000,145910.00118000,17470
2026-05-28T04:03:54.065530568Z [INFO] EDGENGINE-001.DonchianRegimeStrategy: on_historical_data called | type=BinanceBar | data=BTCUSDT.BINANCE-1-WEEK-LAST-EXTERNAL,104118.00000000,106660.00000000,100718.37000000,106454.26000000,135512.85987000,174
2026-05-28T04:03:54.065560716Z [INFO] EDGENGINE-001.DonchianRegimeStrategy: on_historical_data called | type=BinanceBar | data=BTCUSDT.BINANCE-1-WEEK-LAST-EXTERNAL,106454.27000000,111980.00000000,102000.00000000,109004.19000000,197357.63279500,174
2026-05-28T04:03:54.065590582Z [INFO] EDGENGINE-001.DonchianRegimeStrategy: on_historical_data called | type=BinanceBar | data=BTCUSDT.BINANCE-1-WEEK-LAST-EXTERNAL,109004.20000000,110718.00000000,103068.55000000,105642.93000000,116099.81900000,174
2026-05-28T04:03:54.065625893Z [INFO] EDGENGINE-001.DonchianRegimeStrategy: on_historical_data called | type=BinanceBar | data=BTCUSDT.BINANCE-1-WEEK-LAST-EXTERNAL,105642.93000000,106794.67000000,100372.26000000,105734.00000000,95301.97979000,1749
2026-05-28T04:03:54.065654989Z [INFO] EDGENGINE-001.DonchianRegimeStrategy: on_historical_data called | type=BinanceBar | data=BTCUSDT.BINANCE-1-WEEK-LAST-EXTERNAL,105734.01000000,110530.17000000,102664.31000000,105594.01000000,110085.74896000,175
2026-05-28T04:03:54.065686236Z [INFO] EDGENGINE-001.DonchianRegimeStrategy: on_historical_data called | type=BinanceBar | data=BTCUSDT.BINANCE-1-WEEK-LAST-EXTERNAL,105594.02000000,108952.38000000,98200.00000000,100963.87000000,110755.93156000,1750
2026-05-28T04:03:54.065715964Z [INFO] EDGENGINE-001.DonchianRegimeStrategy: on_historical_data called | type=BinanceBar | data=BTCUSDT.BINANCE-1-WEEK-LAST-EXTERNAL,100963.87000000,108528.50000000,99613.33000000,108356.93000000,91938.97808000,17512
2026-05-28T04:03:54.065746037Z [INFO] EDGENGINE-001.DonchianRegimeStrategy: on_historical_data called | type=BinanceBar | data=BTCUSDT.BINANCE-1-WEEK-LAST-EXTERNAL,108356.93000000,110529.18000000,105100.19000000,109203.84000000,72977.17630000,1751
2026-05-28T04:03:54.065792582Z [INFO] EDGENGINE-001.DonchianRegimeStrategy: on_historical_data called | type=BinanceBar | data=BTCUSDT.BINANCE-1-WEEK-LAST-EXTERNAL,109203.85000000,119488.00000000,107429.57000000,119086.64000000,104658.05244000,175
2026-05-28T04:03:54.065834270Z [INFO] EDGENGINE-001.DonchianRegimeStrategy: on_historical_data called | type=BinanceBar | data=BTCUSDT.BINANCE-1-WEEK-LAST-EXTERNAL,119086.65000000,123218.00000000,115736.92000000,117265.12000000,131579.68933700,175
2026-05-28T04:03:54.065870726Z [INFO] EDGENGINE-001.DonchianRegimeStrategy: on_historical_data called | type=BinanceBar | data=BTCUSDT.BINANCE-1-WEEK-LAST-EXTERNAL,117265.11000000,120247.80000000,114723.16000000,119415.55000000,123158.43225000,175
2026-05-28T04:03:54.065907767Z [INFO] EDGENGINE-001.DonchianRegimeStrategy: on_historical_data called | type=BinanceBar | data=BTCUSDT.BINANCE-1-WEEK-LAST-EXTERNAL,119415.56000000,119800.00000000,111920.00000000,114208.80000000,105088.62240000,175
2026-05-28T04:03:54.065941569Z [INFO] EDGENGINE-001.DonchianRegimeStrategy: on_historical_data called | type=BinanceBar | data=BTCUSDT.BINANCE-1-WEEK-LAST-EXTERNAL,114208.81000000,119311.11000000,112650.00000000,119294.01000000,78822.40070000,1754
2026-05-28T04:03:54.065977141Z [INFO] EDGENGINE-001.DonchianRegimeStrategy: on_historical_data called | type=BinanceBar | data=BTCUSDT.BINANCE-1-WEEK-LAST-EXTERNAL,119294.27000000,124474.00000000,116803.99000000,117405.01000000,120321.12365600,175
2026-05-28T04:03:54.066013024Z [INFO] EDGENGINE-001.DonchianRegimeStrategy: on_historical_data called | type=BinanceBar | data=BTCUSDT.BINANCE-1-WEEK-LAST-EXTERNAL,117405.01000000,117543.75000000,110680.00000000,113493.59000000,117920.88503000,175
2026-05-28T04:03:54.066048769Z [INFO] EDGENGINE-001.DonchianRegimeStrategy: on_historical_data called | type=BinanceBar | data=BTCUSDT.BINANCE-1-WEEK-LAST-EXTERNAL,113493.59000000,113667.28000000,107350.10000000,108246.35000000,110910.33675000,175
2026-05-28T04:03:54.066083715Z [INFO] EDGENGINE-001.DonchianRegimeStrategy: on_historical_data called | type=BinanceBar | data=BTCUSDT.BINANCE-1-WEEK-LAST-EXTERNAL,108246.36000000,113384.62000000,107255.00000000,111137.34000000,90809.75324000,1757
2026-05-28T04:03:54.066116451Z [INFO] EDGENGINE-001.DonchianRegimeStrategy: on_historical_data called | type=BinanceBar | data=BTCUSDT.BINANCE-1-WEEK-LAST-EXTERNAL,111137.35000000,116665.63000000,110621.78000000,115268.01000000,88456.94711000,1757
2026-05-28T04:03:54.066148890Z [INFO] EDGENGINE-001.DonchianRegimeStrategy: on_historical_data called | type=BinanceBar | data=BTCUSDT.BINANCE-1-WEEK-LAST-EXTERNAL,115268.01000000,117900.00000000,114384.00000000,115232.29000000,70729.44030000,1758
2026-05-28T04:03:54.066182644Z [INFO] EDGENGINE-001.DonchianRegimeStrategy: on_historical_data called | type=BinanceBar | data=BTCUSDT.BINANCE-1-WEEK-LAST-EXTERNAL,115232.29000000,115379.25000000,108620.07000000,112163.95000000,93970.57704000,1759
2026-05-28T04:03:54.066219585Z [INFO] EDGENGINE-001.DonchianRegimeStrategy: on_historical_data called | type=BinanceBar | data=BTCUSDT.BINANCE-1-WEEK-LAST-EXTERNAL,112163.96000000,125708.42000000,111560.65000000,123482.31000000,124480.09890300,175
2026-05-28T04:03:54.066255472Z [INFO] EDGENGINE-001.DonchianRegimeStrategy: on_historical_data called | type=BinanceBar | data=BTCUSDT.BINANCE-1-WEEK-LAST-EXTERNAL,123482.32000000,126199.63000000,102000.00000000,114958.80000000,211576.35922300,176
2026-05-28T04:03:54.066291191Z [INFO] EDGENGINE-001.DonchianRegimeStrategy: on_historical_data called | type=BinanceBar | data=BTCUSDT.BINANCE-1-WEEK-LAST-EXTERNAL,114958.81000000,115963.81000000,103528.23000000,108642.78000000,171795.75097000,176
2026-05-28T04:03:54.066325487Z [INFO] EDGENGINE-001.DonchianRegimeStrategy: on_historical_data called | type=BinanceBar | data=BTCUSDT.BINANCE-1-WEEK-LAST-EXTERNAL,108642.77000000,115466.80000000,106666.69000000,114559.40000000,137472.95078000,176
2026-05-28T04:03:54.066456570Z [INFO] EDGENGINE-001.DonchianRegimeStrategy: on_historical_data called | type=BinanceBar | data=BTCUSDT.BINANCE-1-WEEK-LAST-EXTERNAL,114559.41000000,116400.00000000,106304.34000000,110540.68000000,125045.90669000,176
2026-05-28T04:03:54.066506111Z [INFO] EDGENGINE-001.DonchianRegimeStrategy: on_historical_data called | type=BinanceBar | data=BTCUSDT.BINANCE-1-WEEK-LAST-EXTERNAL,110540.69000000,110750.00000000,98944.36000000,104722.96000000,199598.71888000,1762
2026-05-28T04:03:54.066541784Z [INFO] EDGENGINE-001.DonchianRegimeStrategy: on_historical_data called | type=BinanceBar | data=BTCUSDT.BINANCE-1-WEEK-LAST-EXTERNAL,104722.95000000,107500.00000000,93005.55000000,94261.44000000,189823.35450000,17633
2026-05-28T04:03:54.066576524Z [INFO] EDGENGINE-001.DonchianRegimeStrategy: on_historical_data called | type=BinanceBar | data=BTCUSDT.BINANCE-1-WEEK-LAST-EXTERNAL,94261.45000000,96043.00000000,80600.00000000,86830.00000000,257258.09768000,1763942
2026-05-28T04:03:54.066616425Z [INFO] EDGENGINE-001.DonchianRegimeStrategy: on_historical_data called | type=BinanceBar | data=BTCUSDT.BINANCE-1-WEEK-LAST-EXTERNAL,86830.00000000,93092.00000000,85272.00000000,90360.00000000,118687.98554000,1764547
2026-05-28T04:03:54.066652818Z [INFO] EDGENGINE-001.DonchianRegimeStrategy: on_historical_data called | type=BinanceBar | data=BTCUSDT.BINANCE-1-WEEK-LAST-EXTERNAL,90360.01000000,94150.00000000,83822.76000000,90395.31000000,149459.29022000,1765151
2026-05-28T04:03:54.066689175Z [INFO] EDGENGINE-001.DonchianRegimeStrategy: on_historical_data called | type=BinanceBar | data=BTCUSDT.BINANCE-1-WEEK-LAST-EXTERNAL,90395.32000000,94588.99000000,87577.36000000,88172.17000000,107997.17703000,1765756
2026-05-28T04:03:54.066742162Z [INFO] EDGENGINE-001.DonchianRegimeStrategy: on_historical_data called | type=BinanceBar | data=BTCUSDT.BINANCE-1-WEEK-LAST-EXTERNAL,88172.16000000,90365.85000000,84450.01000000,88658.86000000,116986.93155000,1766361
2026-05-28T04:03:54.066788904Z [INFO] EDGENGINE-001.DonchianRegimeStrategy: on_historical_data called | type=BinanceBar | data=BTCUSDT.BINANCE-1-WEEK-LAST-EXTERNAL,88658.87000000,90588.23000000,86420.00000000,87952.71000000,72081.43375000,17669663
2026-05-28T04:03:54.066821164Z [INFO] EDGENGINE-001.DonchianRegimeStrategy: on_historical_data called | type=BinanceBar | data=BTCUSDT.BINANCE-1-WEEK-LAST-EXTERNAL,87952.71000000,91810.00000000,86806.50000000,91529.73000000,85720.05743000,17675711
2026-05-28T04:03:54.066852852Z [INFO] EDGENGINE-001.DonchianRegimeStrategy: on_historical_data called | type=BinanceBar | data=BTCUSDT.BINANCE-1-WEEK-LAST-EXTERNAL,91529.74000000,94789.08000000,89311.00000000,91013.65000000,93800.82810000,17681759
2026-05-28T04:03:54.066884558Z [INFO] EDGENGINE-001.DonchianRegimeStrategy: on_historical_data called | type=BinanceBar | data=BTCUSDT.BINANCE-1-WEEK-LAST-EXTERNAL,91013.66000000,97924.49000000,90128.44000000,93673.14000000,106130.99963000,1768780
2026-05-28T04:03:54.066915624Z [INFO] EDGENGINE-001.DonchianRegimeStrategy: on_historical_data called | type=BinanceBar | data=BTCUSDT.BINANCE-1-WEEK-LAST-EXTERNAL,93673.14000000,93673.14000000,86074.72000000,86670.36000000,100317.13896000,1769385
2026-05-28T04:03:54.066947302Z [INFO] EDGENGINE-001.DonchianRegimeStrategy: on_historical_data called | type=BinanceBar | data=BTCUSDT.BINANCE-1-WEEK-LAST-EXTERNAL,86670.36000000,90600.00000000,75700.00000000,76968.21000000,175738.70675000,1769990
2026-05-28T04:03:54.066980823Z [INFO] EDGENGINE-001.DonchianRegimeStrategy: on_historical_data called | type=BinanceBar | data=BTCUSDT.BINANCE-1-WEEK-LAST-EXTERNAL,76968.22000000,79360.00000000,60000.00000000,70330.38000000,384283.11539000,1770595
2026-05-28T04:03:54.067012787Z [INFO] EDGENGINE-001.DonchianRegimeStrategy: on_historical_data called | type=BinanceBar | data=BTCUSDT.BINANCE-1-WEEK-LAST-EXTERNAL,70330.38000000,71453.53000000,65118.00000000,68832.58000000,163165.87355000,1771199
2026-05-28T04:03:54.067046581Z [INFO] EDGENGINE-001.DonchianRegimeStrategy: on_historical_data called | type=BinanceBar | data=BTCUSDT.BINANCE-1-WEEK-LAST-EXTERNAL,68832.59000000,70126.67000000,65631.83000000,67643.40000000,113599.38988000,1771804
2026-05-28T04:03:54.067107795Z [INFO] EDGENGINE-001.DonchianRegimeStrategy: on_historical_data called | type=BinanceBar | data=BTCUSDT.BINANCE-1-WEEK-LAST-EXTERNAL,67643.39000000,69988.83000000,62510.28000000,65776.47000000,174645.67528000,1772409
2026-05-28T04:03:54.067144848Z [INFO] EDGENGINE-001.DonchianRegimeStrategy: on_historical_data called | type=BinanceBar | data=BTCUSDT.BINANCE-1-WEEK-LAST-EXTERNAL,65776.48000000,74050.00000000,65259.21000000,65971.20000000,185435.28412000,1773014
2026-05-28T04:03:54.067177361Z [INFO] EDGENGINE-001.DonchianRegimeStrategy: on_historical_data called | type=BinanceBar | data=BTCUSDT.BINANCE-1-WEEK-LAST-EXTERNAL,65971.20000000,73913.74000000,65821.97000000,72815.24000000,173796.90567000,1773619
2026-05-28T04:03:54.067212914Z [INFO] EDGENGINE-001.DonchianRegimeStrategy: on_historical_data called | type=BinanceBar | data=BTCUSDT.BINANCE-1-WEEK-LAST-EXTERNAL,72815.25000000,76000.00000000,67360.66000000,67859.00000000,145050.61744000,1774223
2026-05-28T04:03:54.067248358Z [INFO] EDGENGINE-001.DonchianRegimeStrategy: on_historical_data called | type=BinanceBar | data=BTCUSDT.BINANCE-1-WEEK-LAST-EXTERNAL,67859.00000000,72026.09000000,65000.00000000,66010.93000000,137696.42185000,1774828
2026-05-28T04:03:54.067283096Z [INFO] EDGENGINE-001.DonchianRegimeStrategy: on_historical_data called | type=BinanceBar | data=BTCUSDT.BINANCE-1-WEEK-LAST-EXTERNAL,66010.93000000,69310.00000000,65712.12000000,69034.18000000,110218.58039000,1775433
2026-05-28T04:03:54.067392087Z [INFO] EDGENGINE-001.DonchianRegimeStrategy: on_historical_data called | type=BinanceBar | data=BTCUSDT.BINANCE-1-WEEK-LAST-EXTERNAL,69034.18000000,73790.00000000,67732.01000000,70740.98000000,121909.25954000,1776038
2026-05-28T04:03:54.067431186Z [INFO] EDGENGINE-001.DonchianRegimeStrategy: on_historical_data called | type=BinanceBar | data=BTCUSDT.BINANCE-1-WEEK-LAST-EXTERNAL,70741.56000000,78333.00000000,70566.99000000,73801.79000000,128729.92407000,1776643
2026-05-28T04:03:54.067466641Z [INFO] EDGENGINE-001.DonchianRegimeStrategy: on_historical_data called | type=BinanceBar | data=BTCUSDT.BINANCE-1-WEEK-LAST-EXTERNAL,73801.80000000,79472.82000000,73724.31000000,78657.55000000,94938.10789000,17772479
2026-05-28T04:03:54.067500575Z [INFO] EDGENGINE-001.DonchianRegimeStrategy: on_historical_data called | type=BinanceBar | data=BTCUSDT.BINANCE-1-WEEK-LAST-EXTERNAL,78657.55000000,79485.66000000,74937.52000000,78568.57000000,88811.52864000,17778527
2026-05-28T04:03:54.067534031Z [INFO] EDGENGINE-001.DonchianRegimeStrategy: on_historical_data called | type=BinanceBar | data=BTCUSDT.BINANCE-1-WEEK-LAST-EXTERNAL,78568.58000000,82850.00000000,78202.00000000,82210.07000000,113527.76932000,1778457
2026-05-28T04:03:54.067566513Z [INFO] EDGENGINE-001.DonchianRegimeStrategy: on_historical_data called | type=BinanceBar | data=BTCUSDT.BINANCE-1-WEEK-LAST-EXTERNAL,82210.07000000,82380.00000000,76735.16000000,77457.67000000,97802.77673000,17790623
2026-05-28T04:03:54.067600502Z [INFO] EDGENGINE-001.DonchianRegimeStrategy: on_historical_data called | type=BinanceBar | data=BTCUSDT.BINANCE-1-WEEK-LAST-EXTERNAL,77457.67000000,78200.00000000,74289.60000000,77064.96000000,87142.14908000,17796671
2026-05-28T04:03:54.069793955Z [INFO] EDGENGINE-001.DonchianRegimeStrategy: Received <Bar[66]> data for BTCUSDT.BINANCE-1-WEEK-LAST-EXTERNAL
2026-05-28T04:03:54.191242216Z [INFO] EDGENGINE-001.BinanceWebSocketClient: ws-client 0: Connected to wss://stream.binance.com:9443
2026-05-28T04:03:54.191595687Z [INFO] EDGENGINE-001.DataClient-BINANCE: Subscribed BTCUSDT.BINANCE-1-WEEK-LAST-EXTERNAL bars